<?xml version="1.0" encoding="UTF-8"?>
<!-- Generated by org.testng.reporters.JUnitXMLReporter -->
<testsuite ignored="2" hostname="DESKTOP-JO72SU5" failures="1" tests="29" name="C:/Users/admin/Desktop/Maven_3_Dec_24" time="612.173" errors="0" timestamp="2025-03-06T16:29:12 IST">
  <testcase classname="testng.TestNGIntroduction" name="@AfterMethod closedBrowser" time="0.156">
    <failure type="org.openqa.selenium.NoSuchSessionException" message="invalid session id
Build info: version: &amp;apos;4.29.0&amp;apos;, revision: &amp;apos;5fc1ec94cb&amp;apos;
System info: os.name: &amp;apos;Windows 10&amp;apos;, os.arch: &amp;apos;amd64&amp;apos;, os.version: &amp;apos;10.0&amp;apos;, java.version: &amp;apos;23.0.2&amp;apos;
Driver info: org.openqa.selenium.chrome.ChromeDriver
Command: [0ef0166472d745953d8aaff0ed582b2b, close {}]
Capabilities {acceptInsecureCerts: false, browserName: chrome, browserVersion: 133.0.6943.142, chrome: {chromedriverVersion: 133.0.6943.141 (2a5d6da0d61..., userDataDir: C:\Users\admin\AppData\Loca...}, fedcm:accounts: true, goog:chromeOptions: {debuggerAddress: localhost:55581}, networkConnectionEnabled: false, pageLoadStrategy: normal, platformName: windows, proxy: Proxy(), se:cdp: ws://localhost:55581/devtoo..., se:cdpVersion: 133.0.6943.142, setWindowRect: true, strictFileInteractability: false, timeouts: {implicit: 0, pageLoad: 300000, script: 30000}, unhandledPromptBehavior: dismiss and notify, webauthn:extension:credBlob: true, webauthn:extension:largeBlob: true, webauthn:extension:minPinLength: true, webauthn:extension:prf: true, webauthn:virtualAuthenticators: true}
Session ID: 0ef0166472d745953d8aaff0ed582b2b">
      <![CDATA[org.openqa.selenium.NoSuchSessionException: invalid session id
Build info: version: '4.29.0', revision: '5fc1ec94cb'
System info: os.name: 'Windows 10', os.arch: 'amd64', os.version: '10.0', java.version: '23.0.2'
Driver info: org.openqa.selenium.chrome.ChromeDriver
Command: [0ef0166472d745953d8aaff0ed582b2b, close {}]
Capabilities {acceptInsecureCerts: false, browserName: chrome, browserVersion: 133.0.6943.142, chrome: {chromedriverVersion: 133.0.6943.141 (2a5d6da0d61..., userDataDir: C:\Users\admin\AppData\Loca...}, fedcm:accounts: true, goog:chromeOptions: {debuggerAddress: localhost:55581}, networkConnectionEnabled: false, pageLoadStrategy: normal, platformName: windows, proxy: Proxy(), se:cdp: ws://localhost:55581/devtoo..., se:cdpVersion: 133.0.6943.142, setWindowRect: true, strictFileInteractability: false, timeouts: {implicit: 0, pageLoad: 300000, script: 30000}, unhandledPromptBehavior: dismiss and notify, webauthn:extension:credBlob: true, webauthn:extension:largeBlob: true, webauthn:extension:minPinLength: true, webauthn:extension:prf: true, webauthn:virtualAuthenticators: true}
Session ID: 0ef0166472d745953d8aaff0ed582b2b
at java.base/jdk.internal.reflect.DirectConstructorHandleAccessor.newInstance(DirectConstructorHandleAccessor.java:62)
at java.base/java.lang.reflect.Constructor.newInstanceWithCaller(Constructor.java:501)
at java.base/java.lang.reflect.Constructor.newInstance(Constructor.java:485)
at org.openqa.selenium.remote.ErrorCodec.decode(ErrorCodec.java:167)
at org.openqa.selenium.remote.codec.w3c.W3CHttpResponseCodec.decode(W3CHttpResponseCodec.java:138)
at org.openqa.selenium.remote.codec.w3c.W3CHttpResponseCodec.decode(W3CHttpResponseCodec.java:50)
at org.openqa.selenium.remote.HttpCommandExecutor.execute(HttpCommandExecutor.java:215)
at org.openqa.selenium.remote.service.DriverCommandExecutor.invokeExecute(DriverCommandExecutor.java:216)
at org.openqa.selenium.remote.service.DriverCommandExecutor.execute(DriverCommandExecutor.java:174)
at org.openqa.selenium.remote.RemoteWebDriver.execute(RemoteWebDriver.java:545)
at org.openqa.selenium.remote.RemoteWebDriver.execute(RemoteWebDriver.java:618)
at org.openqa.selenium.remote.RemoteWebDriver.execute(RemoteWebDriver.java:622)
at org.openqa.selenium.remote.RemoteWebDriver.close(RemoteWebDriver.java:418)
at testng.TestNGIntroduction.closedBrowser(TestNGIntroduction.java:32)
at java.base/jdk.internal.reflect.DirectMethodHandleAccessor.invoke(DirectMethodHandleAccessor.java:103)
at java.base/java.lang.reflect.Method.invoke(Method.java:580)
at org.testng.internal.invokers.MethodInvocationHelper.invokeMethod(MethodInvocationHelper.java:141)
at org.testng.internal.invokers.MethodInvocationHelper.invokeMethodConsideringTimeout(MethodInvocationHelper.java:71)
at org.testng.internal.invokers.ConfigInvoker.invokeConfigurationMethod(ConfigInvoker.java:400)
at org.testng.internal.invokers.ConfigInvoker.invokeConfigurations(ConfigInvoker.java:333)
at org.testng.internal.invokers.TestInvoker.runConfigMethods(TestInvoker.java:836)
at org.testng.internal.invokers.TestInvoker.runAfterConfigurations(TestInvoker.java:805)
at org.testng.internal.invokers.TestInvoker.invokeMethod(TestInvoker.java:781)
at org.testng.internal.invokers.TestInvoker.retryFailed(TestInvoker.java:269)
at org.testng.internal.invokers.MethodRunner.runInSequence(MethodRunner.java:76)
at org.testng.internal.invokers.TestInvoker$MethodInvocationAgent.invoke(TestInvoker.java:995)
at org.testng.internal.invokers.TestInvoker.invokeTestMethods(TestInvoker.java:203)
at org.testng.internal.invokers.TestMethodWorker.invokeTestMethods(TestMethodWorker.java:154)
at org.testng.internal.invokers.TestMethodWorker.run(TestMethodWorker.java:134)
at java.base/java.util.ArrayList.forEach(ArrayList.java:1597)
at org.testng.TestRunner.privateRun(TestRunner.java:741)
at org.testng.TestRunner.run(TestRunner.java:616)
at org.testng.SuiteRunner.runTest(SuiteRunner.java:421)
at org.testng.SuiteRunner.runSequentially(SuiteRunner.java:413)
at org.testng.SuiteRunner.privateRun(SuiteRunner.java:373)
at org.testng.SuiteRunner.run(SuiteRunner.java:312)
at org.testng.SuiteRunnerWorker.runSuite(SuiteRunnerWorker.java:52)
at org.testng.SuiteRunnerWorker.run(SuiteRunnerWorker.java:95)
at org.testng.TestNG.runSuitesSequentially(TestNG.java:1274)
at org.testng.TestNG.runSuitesLocally(TestNG.java:1208)
at org.testng.TestNG.runSuites(TestNG.java:1112)
at org.testng.TestNG.run(TestNG.java:1079)
at com.intellij.rt.testng.IDEARemoteTestNG.run(IDEARemoteTestNG.java:65)
at com.intellij.rt.testng.RemoteTestNGStarter.main(RemoteTestNGStarter.java:105)
]]>
    </failure>
  </testcase> <!-- @AfterMethod closedBrowser -->
  <testcase classname="testng.TestNGIntroduction" name="@BeforeMethod preRequisite" time="0.0">
    <skipped/>
  </testcase> <!-- @BeforeMethod preRequisite -->
  <testcase classname="testng.TestNGIntroduction" name="@AfterMethod closedBrowser" time="0.0">
    <skipped/>
  </testcase> <!-- @AfterMethod closedBrowser -->
  <testcase classname="assertion.HardAssertExample" name="verifySauceDemoApplication" time="27.402"/>
  <testcase classname="assertion.SoftAssertExample" name="verifySauceDemoApplication" time="12.812"/>
  <testcase classname="testng.BeforeAndAfterMethodExample" name="testCase1" time="0.002"/>
  <testcase classname="testng.BeforeAndAfterMethodExample" name="testCase2" time="0.008"/>
  <testcase classname="testng.BeforeAndAfterMethodExample" name="testCase3" time="0.016"/>
  <testcase classname="testng.DependsOnGroupExample" name="onboarding" time="0.017"/>
  <testcase classname="testng.DependsOnMethodExample" name="loginFunctionality" time="0.13">
    <skipped/>
  </testcase> <!-- loginFunctionality -->
  <testcase classname="testng.DependsOnMethodExample" name="loginFunctionality" time="0.001">
    <skipped/>
  </testcase> <!-- loginFunctionality -->
  <testcase classname="testng.DependsOnMethodExample" name="loginFunctionality" time="0.003">
    <skipped/>
  </testcase> <!-- loginFunctionality -->
  <testcase classname="testng.DependsOnMethodExample" name="loginFunctionality" time="0.001">
    <failure type="java.lang.AssertionError" message="expected [true] but found [false]">
      <![CDATA[java.lang.AssertionError: expected [true] but found [false]
at org.testng.Assert.fail(Assert.java:111)
at org.testng.Assert.failNotEquals(Assert.java:1590)
at org.testng.Assert.assertTrue(Assert.java:57)
at org.testng.Assert.assertTrue(Assert.java:67)
at testng.DependsOnMethodExample.loginFunctionality(DependsOnMethodExample.java:10)
at java.base/jdk.internal.reflect.DirectMethodHandleAccessor.invoke(DirectMethodHandleAccessor.java:103)
at java.base/java.lang.reflect.Method.invoke(Method.java:580)
at org.testng.internal.invokers.MethodInvocationHelper.invokeMethod(MethodInvocationHelper.java:141)
at org.testng.internal.invokers.TestInvoker.invokeMethod(TestInvoker.java:687)
at org.testng.internal.invokers.TestInvoker.retryFailed(TestInvoker.java:269)
at org.testng.internal.invokers.MethodRunner.runInSequence(MethodRunner.java:76)
at org.testng.internal.invokers.TestInvoker$MethodInvocationAgent.invoke(TestInvoker.java:995)
at org.testng.internal.invokers.TestInvoker.invokeTestMethods(TestInvoker.java:203)
at org.testng.internal.invokers.TestMethodWorker.invokeTestMethods(TestMethodWorker.java:154)
at org.testng.internal.invokers.TestMethodWorker.run(TestMethodWorker.java:134)
at java.base/java.util.ArrayList.forEach(ArrayList.java:1597)
at org.testng.TestRunner.privateRun(TestRunner.java:741)
at org.testng.TestRunner.run(TestRunner.java:616)
at org.testng.SuiteRunner.runTest(SuiteRunner.java:421)
at org.testng.SuiteRunner.runSequentially(SuiteRunner.java:413)
at org.testng.SuiteRunner.privateRun(SuiteRunner.java:373)
at org.testng.SuiteRunner.run(SuiteRunner.java:312)
at org.testng.SuiteRunnerWorker.runSuite(SuiteRunnerWorker.java:52)
at org.testng.SuiteRunnerWorker.run(SuiteRunnerWorker.java:95)
at org.testng.TestNG.runSuitesSequentially(TestNG.java:1274)
at org.testng.TestNG.runSuitesLocally(TestNG.java:1208)
at org.testng.TestNG.runSuites(TestNG.java:1112)
at org.testng.TestNG.run(TestNG.java:1079)
at com.intellij.rt.testng.IDEARemoteTestNG.run(IDEARemoteTestNG.java:65)
at com.intellij.rt.testng.RemoteTestNGStarter.main(RemoteTestNGStarter.java:105)
]]>
    </failure>
  </testcase> <!-- loginFunctionality -->
  <testcase classname="testng.DependsOnMethodExample" name="onboarding" time="0.001"/>
  <testcase classname="testng.DependsOnMethodExample" name="verifyHomePage" time="0.0">
    <skipped/>
  </testcase> <!-- verifyHomePage -->
  <testcase classname="testng.PriorityExample" name="testCaseS" time="0.002"/>
  <testcase classname="testng.PriorityExample" name="testCaseG" time="0.001"/>
  <testcase classname="testng.PriorityExample" name="testCaseZ" time="0.011"/>
  <testcase classname="testng.PriorityExample" name="testCaseM" time="0.001"/>
  <testcase classname="testng.PriorityExample" name="testCaseC" time="0.007"/>
  <testcase classname="testng.PriorityExample" name="testCaseA" time="0.0"/>
  <testcase classname="testng.TestNGIntroduction" name="EdsoServices" time="180.776">
    <skipped/>
  </testcase> <!-- EdsoServices -->
  <testcase classname="testng.TestNGIntroduction" name="EdsoServices" time="180.029">
    <skipped/>
  </testcase> <!-- EdsoServices -->
  <testcase classname="testng.TestNGIntroduction" name="EdsoServices" time="0.882"/>
  <testcase classname="testng.TestNGIntroduction" name="tataConsultancyServices" time="0.0">
    <skipped/>
  </testcase> <!-- tataConsultancyServices -->
  <testcase classname="testng.TestNGInvocation" name="repeatingTestCaseExample" time="0.016"/>
  <testcase classname="testng.parameterization.DataProviderWithExcel" name="searchOFMultipleCities" time="12.255"/>
  <testcase classname="testng.parameterization.DataProviderWithExcel" name="searchOFMultipleCities" time="11.764"/>
  <testcase classname="testng.parameterization.DataProviderWithExcel" name="searchOFMultipleCities" time="12.203"/>
  <testcase classname="testng.parameterization.NeedOfParameterization" name="searchOfMultipleCities" time="9.11"/>
  <testcase classname="testng.parameterization.NormalDataProviderExample" name="searchOFMultipleCities" time="14.368"/>
  <testcase classname="testng.parameterization.NormalDataProviderExample" name="searchOFMultipleCities" time="19.173"/>
  <testcase classname="testng.DependsOnGroupExample" name="loginFunctionality" time="0.0">
    <ignored/>
  </testcase> <!-- loginFunctionality -->
  <testcase classname="testng.DependsOnGroupExample" name="verifyHomePage" time="0.0">
    <ignored/>
  </testcase> <!-- verifyHomePage -->
</testsuite> <!-- C:/Users/admin/Desktop/Maven_3_Dec_24 -->
